<?xml version="1.0" encoding="UTF-8"?>
<!-- Generated by org.testng.reporters.JUnitReportReporter -->
<testsuite hostname="DESKTOP-SM9AFUP" failures="0" tests="1" name="AsmaZafar.eCommerce_tc_3" time="29.690" errors="0" timestamp="2025-01-02T21:09:07 PKT" skipped="0">
  <testcase classname="AsmaZafar.eCommerce_tc_3" name="FillForm" time="29.690"/>
</testsuite> <!-- AsmaZafar.eCommerce_tc_3 -->
