<?xml version="1.0" encoding="UTF-8"?>
<!-- Generated by org.testng.reporters.JUnitReportReporter -->
<testsuite hostname="DESKTOP-SM9AFUP" failures="0" tests="1" name="AsmaZafar.LongPress" time="10.947" errors="0" timestamp="2024-12-19T15:46:32 PKT" skipped="0">
  <testcase classname="AsmaZafar.LongPress" name="LongPress" time="10.947"/>
</testsuite> <!-- AsmaZafar.LongPress -->
