<?xml version="1.0" encoding="UTF-8"?>
<!-- Generated by org.testng.reporters.JUnitReportReporter -->
<testsuite hostname="DESKTOP-SM9AFUP" failures="0" tests="1" name="AsmaZafar.ScrollDemo" time="17.144" errors="0" timestamp="2024-12-21T14:17:56 PKT" skipped="0">
  <testcase classname="AsmaZafar.ScrollDemo" name="ScrollDemoTest" time="17.144"/>
</testsuite> <!-- AsmaZafar.ScrollDemo -->
