<?xml version="1.0" encoding="UTF-8"?>
<!-- Generated by org.testng.reporters.JUnitReportReporter -->
<testsuite hostname="DESKTOP-SM9AFUP" failures="0" tests="1" name="AsmaZafar.DragDrop" time="7.312" errors="0" timestamp="2024-12-21T17:49:01 PKT" skipped="0">
  <testcase classname="AsmaZafar.DragDrop" name="DragDropTest" time="7.312"/>
</testsuite> <!-- AsmaZafar.DragDrop -->
