<?xml version="1.0" encoding="UTF-8"?>
<!-- Generated by org.testng.reporters.JUnitReportReporter -->
<testsuite hostname="DESKTOP-SM9AFUP" failures="0" tests="1" name="AsmaZafar.MiscellaneousAction" time="10.459" errors="0" timestamp="2024-12-22T20:07:07 PKT" skipped="0">
  <testcase classname="AsmaZafar.MiscellaneousAction" name="Miscellaneous" time="10.459"/>
</testsuite> <!-- AsmaZafar.MiscellaneousAction -->
